<?xml version="1.0" encoding="UTF-8"?>
<!-- Generated by org.testng.reporters.JUnitXMLReporter -->
<testsuite ignored="4" hostname="DESKTOP-MCNOMRK" failures="1" tests="2" name="Test" time="54.873" errors="0" timestamp="24 Sep 2022 05:00:53 GMT">
  <testcase classname="tests.TestCase1" name="mthd2" time="0.052"/>
  <testcase classname="tests.TestCase1" name="verifyLoginHdr" time="0.241">
    <failure type="java.lang.AssertionError" message="expected [OrangeHRM] but found [Login]">
      <![CDATA[java.lang.AssertionError: expected [OrangeHRM] but found [Login]
	at tests.TestCase1.verifyLoginHdr(TestCase1.java:56)
... Removed 29 stack frames]]>
    </failure>
  </testcase> <!-- verifyLoginHdr -->
  <testcase classname="tests.TestCase1" name="mthd1" time="0.0">
    <ignored/>
  </testcase> <!-- mthd1 -->
  <testcase classname="tests.TestCase1" name="loginToApp" time="0.0">
    <ignored/>
  </testcase> <!-- loginToApp -->
  <testcase classname="tests.TestCase1" name="mthd3" time="0.0">
    <ignored/>
  </testcase> <!-- mthd3 -->
  <testcase classname="tests.TestCase1" name="mthd4" time="0.0">
    <ignored/>
  </testcase> <!-- mthd4 -->
</testsuite> <!-- Test -->
